Build started 5/10/2019 8:15:17 PM.
     1>Project "C:\Users\chile\documents\visual studio 2010\Projects\Assignment\Assignment\Assignment.vcxproj" on node 2 (build target(s)).
     1>InitializeBuildStatus:
         Creating "Debug\assignment-1510289.unsuccessfulbuild" because "AlwaysCreate" was specified.
       ClCompile:
         All outputs are up-to-date.
         C:\Program Files (x86)\Microsoft Visual Studio 10.0\VC\bin\CL.exe /c /ZI /nologo /W3 /WX- /Od /Oy- /D WIN32 /D _DEBUG /D _CONSOLE /D _UNICODE /D UNICODE /Gm /EHsc /RTC1 /MDd /GS /fp:precise /Zc:wchar_t /Zc:forScope /Yu"StdAfx.h" /Fp"Debug\assignment-1510289.pch" /Fo"Debug\\" /Fd"Debug\vc100.pdb" /Gd /TP /analyze- /errorReport:prompt "assignment-1510289.cpp"
         assignment-1510289.cpp
     1>c:\users\chile\documents\visual studio 2010\projects\assignment\assignment\assignment-1510289.cpp(212): warning C4101: 'i' : unreferenced local variable
     1>c:\users\chile\documents\visual studio 2010\projects\assignment\assignment\assignment-1510289.cpp(1010): warning C4101: 'fAngle' : unreferenced local variable
     1>c:\users\chile\documents\visual studio 2010\projects\assignment\assignment\assignment-1510289.cpp(1009): warning C4101: 'fRInc' : unreferenced local variable
       ManifestResourceCompile:
         All outputs are up-to-date.
       Link:
         C:\Program Files (x86)\Microsoft Visual Studio 10.0\VC\bin\link.exe /ERRORREPORT:PROMPT /OUT:"C:\Users\chile\documents\visual studio 2010\Projects\Assignment\Debug\assignment-1510289.exe" /INCREMENTAL /NOLOGO kernel32.lib user32.lib gdi32.lib winspool.lib comdlg32.lib advapi32.lib shell32.lib ole32.lib oleaut32.lib uuid.lib odbc32.lib odbccp32.lib /MANIFEST /ManifestFile:"Debug\assignment-1510289.exe.intermediate.manifest" /MANIFESTUAC:"level='asInvoker' uiAccess='false'" /DEBUG /PDB:"C:\Users\chile\documents\visual studio 2010\Projects\Assignment\Debug\assignment-1510289.pdb" /SUBSYSTEM:CONSOLE /TLBID:1 /DYNAMICBASE /NXCOMPAT /IMPLIB:"C:\Users\chile\documents\visual studio 2010\Projects\Assignment\Debug\assignment-1510289.lib" /MACHINE:X86 "Debug\assignment-1510289.exe.embed.manifest.res"
         "Debug\assignment-1510289.obj"
         Debug\Lap2.obj
         Debug\Mesh.obj
         Debug\stdafx.obj
       Manifest:
         C:\Program Files (x86)\Microsoft SDKs\Windows\v7.0A\bin\mt.exe /nologo /verbose /out:"Debug\assignment-1510289.exe.embed.manifest" /manifest "Debug\assignment-1510289.exe.intermediate.manifest"
         All outputs are up-to-date.
       LinkEmbedManifest:
         All outputs are up-to-date.
         Assignment.vcxproj -> C:\Users\chile\documents\visual studio 2010\Projects\Assignment\Debug\assignment-1510289.exe
       FinalizeBuildStatus:
         Deleting file "Debug\assignment-1510289.unsuccessfulbuild".
         Touching "Debug\assignment-1510289.lastbuildstate".
     1>Done Building Project "C:\Users\chile\documents\visual studio 2010\Projects\Assignment\Assignment\Assignment.vcxproj" (build target(s)).

Build succeeded.

Time Elapsed 00:00:01.81
